[38;5;112m[Appium][0m Welcome to Appium v2.11.5
[38;5;112m[Appium][0m Non-default server args:
[38;5;112m[Appium][0m { basePath: [32m'/wd/hub'[39m, loglevel: [32m'info'[39m, port: [33m60374[39m }
[38;5;112m[Appium][0m Attempting to load driver uiautomator2...
[38;5;112m[Appium][0m Appium REST http interface listener started on http://0.0.0.0:60374/wd/hub
[38;5;112m[Appium][0m You can provide the following URLs in your client code to connect to this server:
	http://172.18.176.1:60374/wd/hub
	http://192.168.1.12:60374/wd/hub
	http://127.0.0.1:60374/wd/hub (only accessible from the same host)
[38;5;112m[Appium][0m Available drivers:
[38;5;112m[Appium][0m   - uiautomator2@3.8.0 (automationName 'UiAutomator2')
[38;5;112m[Appium][0m No plugins have been installed. Use the "appium plugin" command to install the one(s) you want to use.
[38;5;86m[HTTP][0m [37m-->[39m [37mGET[39m [37m/wd/hub/status[39m [90m{}[39m
[38;5;86m[HTTP][0m [37m<-- GET /wd/hub/status [39m[32m200[39m [90m15 ms - 111[39m [90m[39m
[38;5;86m[HTTP][0m [37m-->[39m [37mGET[39m [37m/wd/hub/status[39m [90m{}[39m
[38;5;86m[HTTP][0m [37m<-- GET /wd/hub/status [39m[32m200[39m [90m3 ms - 111[39m [90m[39m
[38;5;86m[HTTP][0m [37m-->[39m [37mPOST[39m [37m/wd/hub/session[39m [90m{"desiredCapabilities":{"appium:systemPort":8212,"appium:udid":"emulator-5554","appium:autoGrantPermissions":true,"appium:newCommandTimeout":1800,"appium:platformName":"ANDROID","appium:appActivity":".Settings","appium:deviceName":"emulator-5554 (Android SDK built for x86 - Android 8.1.0)","platformName":"Android","appium:automationName":"uiautomator2","appium:platformVersion":"8.1.0","appium:appPackage":"com.android.settings"},"capabilities":{"firstMatch":[{"appium:appActivity":".Settings","appium:appPackage":"com.android.settings","appium:autoGrantPermissions":true,"appium:automationName":"uiautomator2","appium:deviceName":"emulator-5554 (Android SDK built for x86 - Android 8.1.0)","appium:newCommandTimeout":1800,"appium:platformName":"ANDROID","appium:platformVersion":"8.1.0","appium:systemPort":8212,"appium:udid":"emulator-5554","platformName":"android"}]}}[39m
[38;5;123m[BaseDriver][0m Ignoring capability 'appium:platformName=ANDROID' and using capability 'platformName=android'
[38;5;123m[BaseDriver][0m The capabilities ["platformName"] are standard capabilities and do not require "appium:" prefix
[38;5;112m[Appium][0m Attempting to find matching driver for automationName 'uiautomator2' and platformName 'android'
[38;5;112m[Appium][0m The 'uiautomator2' driver was installed and matched caps.
[38;5;112m[Appium][0m Will require it at C:\Users\User\.appium\node_modules\appium-uiautomator2-driver
[38;5;165m[AppiumDriver@1525][0m Appium v2.11.5 creating new AndroidUiautomator2Driver (v3.8.0) session
[38;5;165m[AppiumDriver@1525][0m Checking BaseDriver versions for Appium and AndroidUiautomator2Driver
[38;5;165m[AppiumDriver@1525][0m Appium's BaseDriver version is 9.11.5
[38;5;165m[AppiumDriver@1525][0m AndroidUiautomator2Driver's BaseDriver version is 9.11.5
[38;5;98m[ac591cc3][0m[38;5;-172m[AndroidUiautomator2Driver@d043][0m Session created with session id: ac591cc3-9d39-4fcb-b8f5-2883857963ba
[38;5;98m[ac591cc3][0m[38;5;229m[ADB][0m Found 1 'build-tools' folders under 'C:\Users\User\AppData\Local\Android\Sdk' (newest first):
[38;5;98m[ac591cc3][0m[38;5;229m[ADB][0m     C:\Users\User\AppData\Local\Android\Sdk\build-tools\35.0.0
[38;5;98m[ac591cc3][0m[38;5;229m[ADB][0m Using 'adb.exe' from 'C:\Users\User\AppData\Local\Android\Sdk\platform-tools\adb.exe'
[38;5;98m[ac591cc3][0m[38;5;-172m[AndroidUiautomator2Driver@d043][0m Retrieving device list
[38;5;98m[ac591cc3][0m[38;5;-172m[AndroidUiautomator2Driver@d043][0m Using device: emulator-5554
[38;5;98m[ac591cc3][0m[38;5;229m[ADB][0m Using 'adb.exe' from 'C:\Users\User\AppData\Local\Android\Sdk\platform-tools\adb.exe'
[38;5;98m[ac591cc3][0m[38;5;-172m[AndroidUiautomator2Driver@d043][0m Starting 'com.android.settings' directly on the device
[38;5;98m[ac591cc3][0m[38;5;-172m[AndroidUiautomator2Driver@d043][0m No app sent in, not parsing package/activity
[38;5;98m[ac591cc3][0m[38;5;229m[ADB][0m Using 'aapt2.exe' from 'C:\Users\User\AppData\Local\Android\Sdk\build-tools\35.0.0\aapt2.exe'
[38;5;98m[ac591cc3][0m[38;5;-172m[AndroidUiautomator2Driver@d043][0m Server packages are not going to be (re)installed
[38;5;98m[ac591cc3][0m[38;5;229m[ADB][0m Adding packages ["io.appium.settings","io.appium.uiautomator2.server","io.appium.uiautomator2.server.test"] to Doze whitelist
[38;5;98m[ac591cc3][0m[38;5;-172m[AndroidUiautomator2Driver@d043][0m Starting UIAutomator2 server 7.0.25
[38;5;98m[ac591cc3][0m[38;5;-172m[AndroidUiautomator2Driver@d043][0m Using UIAutomator2 server from 'C:\Users\User\.appium\node_modules\appium-uiautomator2-driver\node_modules\appium-uiautomator2-server\apks\appium-uiautomator2-server-v7.0.25.apk' and test from 'C:\Users\User\.appium\node_modules\appium-uiautomator2-driver\node_modules\appium-uiautomator2-server\apks\appium-uiautomator2-server-debug-androidTest.apk'
[38;5;98m[ac591cc3][0m[38;5;-172m[AndroidUiautomator2Driver@d043][0m Waiting up to 30000ms for UiAutomator2 to be online...
[38;5;98m[ac591cc3][0m[38;5;-172m[AndroidUiautomator2Driver@d043][0m socket hang up
[38;5;98m[ac591cc3][0m[38;5;-172m[AndroidUiautomator2Driver@d043][0m socket hang up
[38;5;98m[ac591cc3][0m[38;5;-172m[AndroidUiautomator2Driver@d043][0m socket hang up
[38;5;98m[ac591cc3][0m[38;5;-172m[AndroidUiautomator2Driver@d043][0m socket hang up
[38;5;98m[ac591cc3][0m[38;5;-172m[AndroidUiautomator2Driver@d043][0m socket hang up
[38;5;98m[ac591cc3][0m[38;5;-172m[AndroidUiautomator2Driver@d043][0m socket hang up
[38;5;98m[ac591cc3][0m[38;5;-172m[AndroidUiautomator2Driver@d043][0m Determined the downstream protocol as 'W3C'
[38;5;98m[ac591cc3][0m[38;5;-172m[AndroidUiautomator2Driver@d043][0m Screen already unlocked, doing nothing
[38;5;98m[ac591cc3][0m[38;5;-172m[AndroidUiautomator2Driver@d043][0m Starting 'com.android.settings/.Settings and waiting for 'com.android.settings/.Settings'
[38;5;98m[ac591cc3][0m[38;5;165m[AppiumDriver@1525][0m New AndroidUiautomator2Driver session created successfully, session ac591cc3-9d39-4fcb-b8f5-2883857963ba added to master session list
[38;5;98m[ac591cc3][0m[38;5;86m[HTTP][0m [37m<-- POST /wd/hub/session [39m[32m200[39m [90m15267 ms - 1145[39m [90m[39m
[38;5;98m[ac591cc3][0m[38;5;86m[HTTP][0m [37m-->[39m [37mGET[39m [37m/wd/hub/session/ac591cc3-9d39-4fcb-b8f5-2883857963ba[39m [90m{}[39m
[38;5;98m[ac591cc3][0m[38;5;86m[HTTP][0m [37m<-- GET /wd/hub/session/ac591cc3-9d39-4fcb-b8f5-2883857963ba [39m[32m200[39m [90m76 ms - 345[39m [90m[39m
[38;5;98m[ac591cc3][0m[38;5;86m[HTTP][0m [37m-->[39m [37mGET[39m [37m/wd/hub/session/ac591cc3-9d39-4fcb-b8f5-2883857963ba[39m [90m{}[39m
[38;5;98m[ac591cc3][0m[38;5;86m[HTTP][0m [37m<-- GET /wd/hub/session/ac591cc3-9d39-4fcb-b8f5-2883857963ba [39m[32m200[39m [90m91 ms - 345[39m [90m[39m
[38;5;86m[HTTP][0m [37m-->[39m [37mGET[39m [37m/wd/hub/status[39m [90m{}[39m
[38;5;86m[HTTP][0m [37m<-- GET /wd/hub/status [39m[32m200[39m [90m2 ms - 111[39m [90m[39m
[38;5;98m[ac591cc3][0m[38;5;86m[HTTP][0m [37m-->[39m [37mPOST[39m [37m/wd/hub/session/ac591cc3-9d39-4fcb-b8f5-2883857963ba/timeouts[39m [90m{"implicit":60000}[39m
[38;5;98m[ac591cc3][0m[38;5;86m[HTTP][0m [37m<-- POST /wd/hub/session/ac591cc3-9d39-4fcb-b8f5-2883857963ba/timeouts [39m[32m200[39m [90m11 ms - 14[39m [90m[39m
[38;5;98m[ac591cc3][0m[38;5;86m[HTTP][0m [37m-->[39m [37mGET[39m [37m/wd/hub/session/ac591cc3-9d39-4fcb-b8f5-2883857963ba/appium/device/system_bars[39m [90m{}[39m
[38;5;98m[ac591cc3][0m[38;5;86m[HTTP][0m [37m<-- GET /wd/hub/session/ac591cc3-9d39-4fcb-b8f5-2883857963ba/appium/device/system_bars [39m[32m200[39m [90m210 ms - 151[39m [90m[39m
[38;5;98m[ac591cc3][0m[38;5;86m[HTTP][0m [37m-->[39m [37mPOST[39m [37m/wd/hub/session/ac591cc3-9d39-4fcb-b8f5-2883857963ba/appium/device/activate_app[39m [90m{"bundleId":"com.ecwid.ShopAt.HappyDayShopping"}[39m
[38;5;98m[ac591cc3][0m[38;5;86m[HTTP][0m [37m<-- POST /wd/hub/session/ac591cc3-9d39-4fcb-b8f5-2883857963ba/appium/device/activate_app [39m[32m200[39m [90m408 ms - 14[39m [90m[39m
[38;5;98m[ac591cc3][0m[38;5;86m[HTTP][0m [37m-->[39m [37mGET[39m [37m/wd/hub/session/ac591cc3-9d39-4fcb-b8f5-2883857963ba/source[39m [90m{}[39m
[38;5;98m[ac591cc3][0m[38;5;-172m[AndroidUiautomator2Driver@d043][0m Driver proxy active, passing request on via HTTP proxy
[38;5;98m[ac591cc3][0m[38;5;-172m[AndroidUiautomator2Driver@d043][0m Replacing sessionId ed7d2bdd-72c2-4087-8248-e782eb481655 with ac591cc3-9d39-4fcb-b8f5-2883857963ba
[38;5;98m[ac591cc3][0m[38;5;86m[HTTP][0m [37m<-- GET /wd/hub/session/ac591cc3-9d39-4fcb-b8f5-2883857963ba/source [39m[32m200[39m [90m5857 ms - 2335[39m [90m[39m
[38;5;98m[ac591cc3][0m[38;5;86m[HTTP][0m [37m-->[39m [37mGET[39m [37m/wd/hub/session/ac591cc3-9d39-4fcb-b8f5-2883857963ba/screenshot[39m [90m{}[39m
[38;5;98m[ac591cc3][0m[38;5;86m[HTTP][0m [37m<-- GET /wd/hub/session/ac591cc3-9d39-4fcb-b8f5-2883857963ba/screenshot [39m[32m200[39m [90m1978 ms - 275012[39m [90m[39m
[38;5;98m[ac591cc3][0m[38;5;86m[HTTP][0m [37m-->[39m [37mGET[39m [37m/wd/hub/session/ac591cc3-9d39-4fcb-b8f5-2883857963ba/source[39m [90m{}[39m
[38;5;98m[ac591cc3][0m[38;5;-172m[AndroidUiautomator2Driver@d043][0m Driver proxy active, passing request on via HTTP proxy
[38;5;98m[ac591cc3][0m[38;5;-172m[AndroidUiautomator2Driver@d043][0m Replacing sessionId ed7d2bdd-72c2-4087-8248-e782eb481655 with ac591cc3-9d39-4fcb-b8f5-2883857963ba
[38;5;98m[ac591cc3][0m[38;5;86m[HTTP][0m [37m<-- GET /wd/hub/session/ac591cc3-9d39-4fcb-b8f5-2883857963ba/source [39m[32m200[39m [90m3596 ms - 37704[39m [90m[39m
[38;5;98m[ac591cc3][0m[38;5;86m[HTTP][0m [37m-->[39m [37mGET[39m [37m/wd/hub/session/ac591cc3-9d39-4fcb-b8f5-2883857963ba/screenshot[39m [90m{}[39m
[38;5;98m[ac591cc3][0m[38;5;86m[HTTP][0m [37m<-- GET /wd/hub/session/ac591cc3-9d39-4fcb-b8f5-2883857963ba/screenshot [39m[32m200[39m [90m10035 ms - 2114068[39m [90m[39m
[38;5;98m[ac591cc3][0m[38;5;86m[HTTP][0m [37m-->[39m [37mGET[39m [37m/wd/hub/session/ac591cc3-9d39-4fcb-b8f5-2883857963ba/window/rect[39m [90m{}[39m
[38;5;98m[ac591cc3][0m[38;5;86m[HTTP][0m [37m<-- GET /wd/hub/session/ac591cc3-9d39-4fcb-b8f5-2883857963ba/window/rect [39m[32m200[39m [90m106 ms - 50[39m [90m[39m
[38;5;98m[ac591cc3][0m[38;5;86m[HTTP][0m [37m-->[39m [37mPOST[39m [37m/wd/hub/session/ac591cc3-9d39-4fcb-b8f5-2883857963ba/elements[39m [90m{"using":"xpath","value":"//*[@class = 'android.widget.TextView' and (@text = 'PROMOTIONS' or . = 'PROMOTIONS')]"}[39m
[38;5;98m[ac591cc3][0m[38;5;86m[HTTP][0m [37m<-- POST /wd/hub/session/ac591cc3-9d39-4fcb-b8f5-2883857963ba/elements [39m[32m200[39m [90m6918 ms - 139[39m [90m[39m
[38;5;98m[ac591cc3][0m[38;5;86m[HTTP][0m [37m-->[39m [37mGET[39m [37m/wd/hub/session/ac591cc3-9d39-4fcb-b8f5-2883857963ba/element/00000000-0000-0141-ffff-ffff00000088/location[39m [90m{}[39m
[38;5;98m[ac591cc3][0m[38;5;-172m[AndroidUiautomator2Driver@d043][0m Driver proxy active, passing request on via HTTP proxy
[38;5;98m[ac591cc3][0m[38;5;-172m[AndroidUiautomator2Driver@d043][0m Replacing sessionId ed7d2bdd-72c2-4087-8248-e782eb481655 with ac591cc3-9d39-4fcb-b8f5-2883857963ba
[38;5;98m[ac591cc3][0m[38;5;86m[HTTP][0m [37m<-- GET /wd/hub/session/ac591cc3-9d39-4fcb-b8f5-2883857963ba/element/00000000-0000-0141-ffff-ffff00000088/location [39m[32m200[39m [90m206 ms - 79[39m [90m[39m
[38;5;98m[ac591cc3][0m[38;5;86m[HTTP][0m [37m-->[39m [37mPOST[39m [37m/wd/hub/session/ac591cc3-9d39-4fcb-b8f5-2883857963ba/element/00000000-0000-0141-ffff-ffff00000088/click[39m [90m{"id":"00000000-0000-0141-ffff-ffff00000088"}[39m
[38;5;98m[ac591cc3][0m[38;5;86m[HTTP][0m [37m<-- POST /wd/hub/session/ac591cc3-9d39-4fcb-b8f5-2883857963ba/element/00000000-0000-0141-ffff-ffff00000088/click [39m[32m200[39m [90m262 ms - 14[39m [90m[39m
[38;5;98m[ac591cc3][0m[38;5;86m[HTTP][0m [37m-->[39m [37mGET[39m [37m/wd/hub/session/ac591cc3-9d39-4fcb-b8f5-2883857963ba/source[39m [90m{}[39m
[38;5;98m[ac591cc3][0m[38;5;-172m[AndroidUiautomator2Driver@d043][0m Driver proxy active, passing request on via HTTP proxy
[38;5;98m[ac591cc3][0m[38;5;-172m[AndroidUiautomator2Driver@d043][0m Replacing sessionId ed7d2bdd-72c2-4087-8248-e782eb481655 with ac591cc3-9d39-4fcb-b8f5-2883857963ba
[38;5;98m[ac591cc3][0m[38;5;86m[HTTP][0m [37m<-- GET /wd/hub/session/ac591cc3-9d39-4fcb-b8f5-2883857963ba/source [39m[32m200[39m [90m2488 ms - 24836[39m [90m[39m
[38;5;98m[ac591cc3][0m[38;5;86m[HTTP][0m [37m-->[39m [37mGET[39m [37m/wd/hub/session/ac591cc3-9d39-4fcb-b8f5-2883857963ba/screenshot[39m [90m{}[39m
[38;5;98m[ac591cc3][0m[38;5;86m[HTTP][0m [37m<-- GET /wd/hub/session/ac591cc3-9d39-4fcb-b8f5-2883857963ba/screenshot [39m[32m200[39m [90m1642 ms - 93920[39m [90m[39m
[38;5;98m[ac591cc3][0m[38;5;86m[HTTP][0m [37m-->[39m [37mGET[39m [37m/wd/hub/session/ac591cc3-9d39-4fcb-b8f5-2883857963ba/source[39m [90m{}[39m
[38;5;98m[ac591cc3][0m[38;5;-172m[AndroidUiautomator2Driver@d043][0m Driver proxy active, passing request on via HTTP proxy
[38;5;98m[ac591cc3][0m[38;5;-172m[AndroidUiautomator2Driver@d043][0m Replacing sessionId ed7d2bdd-72c2-4087-8248-e782eb481655 with ac591cc3-9d39-4fcb-b8f5-2883857963ba
[38;5;98m[ac591cc3][0m[38;5;86m[HTTP][0m [37m<-- GET /wd/hub/session/ac591cc3-9d39-4fcb-b8f5-2883857963ba/source [39m[32m200[39m [90m2099 ms - 36802[39m [90m[39m
[38;5;98m[ac591cc3][0m[38;5;86m[HTTP][0m [37m-->[39m [37mGET[39m [37m/wd/hub/session/ac591cc3-9d39-4fcb-b8f5-2883857963ba/screenshot[39m [90m{}[39m
[38;5;98m[ac591cc3][0m[38;5;86m[HTTP][0m [37m<-- GET /wd/hub/session/ac591cc3-9d39-4fcb-b8f5-2883857963ba/screenshot [39m[32m200[39m [90m5180 ms - 905296[39m [90m[39m
[38;5;98m[ac591cc3][0m[38;5;86m[HTTP][0m [37m-->[39m [37mGET[39m [37m/wd/hub/session/ac591cc3-9d39-4fcb-b8f5-2883857963ba/window/rect[39m [90m{}[39m
[38;5;98m[ac591cc3][0m[38;5;86m[HTTP][0m [37m<-- GET /wd/hub/session/ac591cc3-9d39-4fcb-b8f5-2883857963ba/window/rect [39m[32m200[39m [90m169 ms - 50[39m [90m[39m
[38;5;98m[ac591cc3][0m[38;5;86m[HTTP][0m [37m-->[39m [37mPOST[39m [37m/wd/hub/session/ac591cc3-9d39-4fcb-b8f5-2883857963ba/elements[39m [90m{"using":"xpath","value":"//*[@class = 'android.widget.TextView' and (@text = 'Leo Mens Intimate Wash 100ml' or . = 'Leo Mens Intimate Wash 100ml')]"}[39m
[38;5;98m[ac591cc3][0m[38;5;86m[HTTP][0m [37m<-- POST /wd/hub/session/ac591cc3-9d39-4fcb-b8f5-2883857963ba/elements [39m[32m200[39m [90m3215 ms - 139[39m [90m[39m
[38;5;98m[ac591cc3][0m[38;5;86m[HTTP][0m [37m-->[39m [37mGET[39m [37m/wd/hub/session/ac591cc3-9d39-4fcb-b8f5-2883857963ba/element/00000000-0000-0141-ffff-ffff000000d9/location[39m [90m{}[39m
[38;5;98m[ac591cc3][0m[38;5;-172m[AndroidUiautomator2Driver@d043][0m Driver proxy active, passing request on via HTTP proxy
[38;5;98m[ac591cc3][0m[38;5;-172m[AndroidUiautomator2Driver@d043][0m Replacing sessionId ed7d2bdd-72c2-4087-8248-e782eb481655 with ac591cc3-9d39-4fcb-b8f5-2883857963ba
[38;5;98m[ac591cc3][0m[38;5;86m[HTTP][0m [37m<-- GET /wd/hub/session/ac591cc3-9d39-4fcb-b8f5-2883857963ba/element/00000000-0000-0141-ffff-ffff000000d9/location [39m[32m200[39m [90m195 ms - 77[39m [90m[39m
[38;5;98m[ac591cc3][0m[38;5;86m[HTTP][0m [37m-->[39m [37mPOST[39m [37m/wd/hub/session/ac591cc3-9d39-4fcb-b8f5-2883857963ba/element/00000000-0000-0141-ffff-ffff000000d9/click[39m [90m{"id":"00000000-0000-0141-ffff-ffff000000d9"}[39m
[38;5;98m[ac591cc3][0m[38;5;86m[HTTP][0m [37m<-- POST /wd/hub/session/ac591cc3-9d39-4fcb-b8f5-2883857963ba/element/00000000-0000-0141-ffff-ffff000000d9/click [39m[32m200[39m [90m189 ms - 14[39m [90m[39m
[38;5;98m[ac591cc3][0m[38;5;86m[HTTP][0m [37m-->[39m [37mGET[39m [37m/wd/hub/session/ac591cc3-9d39-4fcb-b8f5-2883857963ba/source[39m [90m{}[39m
[38;5;98m[ac591cc3][0m[38;5;-172m[AndroidUiautomator2Driver@d043][0m Driver proxy active, passing request on via HTTP proxy
[38;5;98m[ac591cc3][0m[38;5;-172m[AndroidUiautomator2Driver@d043][0m Replacing sessionId ed7d2bdd-72c2-4087-8248-e782eb481655 with ac591cc3-9d39-4fcb-b8f5-2883857963ba
[38;5;98m[ac591cc3][0m[38;5;86m[HTTP][0m [37m<-- GET /wd/hub/session/ac591cc3-9d39-4fcb-b8f5-2883857963ba/source [39m[32m200[39m [90m2638 ms - 30895[39m [90m[39m
[38;5;98m[ac591cc3][0m[38;5;86m[HTTP][0m [37m-->[39m [37mGET[39m [37m/wd/hub/session/ac591cc3-9d39-4fcb-b8f5-2883857963ba/screenshot[39m [90m{}[39m
[38;5;98m[ac591cc3][0m[38;5;86m[HTTP][0m [37m<-- GET /wd/hub/session/ac591cc3-9d39-4fcb-b8f5-2883857963ba/screenshot [39m[32m200[39m [90m3444 ms - 444968[39m [90m[39m
[38;5;98m[ac591cc3][0m[38;5;86m[HTTP][0m [37m-->[39m [37mGET[39m [37m/wd/hub/session/ac591cc3-9d39-4fcb-b8f5-2883857963ba/window/rect[39m [90m{}[39m
[38;5;98m[ac591cc3][0m[38;5;86m[HTTP][0m [37m<-- GET /wd/hub/session/ac591cc3-9d39-4fcb-b8f5-2883857963ba/window/rect [39m[32m200[39m [90m130 ms - 50[39m [90m[39m
[38;5;98m[ac591cc3][0m[38;5;86m[HTTP][0m [37m-->[39m [37mPOST[39m [37m/wd/hub/session/ac591cc3-9d39-4fcb-b8f5-2883857963ba/elements[39m [90m{"using":"xpath","value":"//*[@class = 'android.widget.TextView' and (@text = 'Add to Bag' or . = 'Add to Bag')]"}[39m
[38;5;98m[ac591cc3][0m[38;5;86m[HTTP][0m [37m<-- POST /wd/hub/session/ac591cc3-9d39-4fcb-b8f5-2883857963ba/elements [39m[32m200[39m [90m1834 ms - 139[39m [90m[39m
[38;5;98m[ac591cc3][0m[38;5;86m[HTTP][0m [37m-->[39m [37mGET[39m [37m/wd/hub/session/ac591cc3-9d39-4fcb-b8f5-2883857963ba/element/00000000-0000-0141-ffff-ffff0000010b/location[39m [90m{}[39m
[38;5;98m[ac591cc3][0m[38;5;-172m[AndroidUiautomator2Driver@d043][0m Driver proxy active, passing request on via HTTP proxy
[38;5;98m[ac591cc3][0m[38;5;-172m[AndroidUiautomator2Driver@d043][0m Replacing sessionId ed7d2bdd-72c2-4087-8248-e782eb481655 with ac591cc3-9d39-4fcb-b8f5-2883857963ba
[38;5;98m[ac591cc3][0m[38;5;86m[HTTP][0m [37m<-- GET /wd/hub/session/ac591cc3-9d39-4fcb-b8f5-2883857963ba/element/00000000-0000-0141-ffff-ffff0000010b/location [39m[32m200[39m [90m188 ms - 78[39m [90m[39m
[38;5;98m[ac591cc3][0m[38;5;86m[HTTP][0m [37m-->[39m [37mPOST[39m [37m/wd/hub/session/ac591cc3-9d39-4fcb-b8f5-2883857963ba/element/00000000-0000-0141-ffff-ffff0000010b/click[39m [90m{"id":"00000000-0000-0141-ffff-ffff0000010b"}[39m
[38;5;98m[ac591cc3][0m[38;5;86m[HTTP][0m [37m<-- POST /wd/hub/session/ac591cc3-9d39-4fcb-b8f5-2883857963ba/element/00000000-0000-0141-ffff-ffff0000010b/click [39m[32m200[39m [90m197 ms - 14[39m [90m[39m
[38;5;98m[ac591cc3][0m[38;5;86m[HTTP][0m [37m-->[39m [37mGET[39m [37m/wd/hub/session/ac591cc3-9d39-4fcb-b8f5-2883857963ba/source[39m [90m{}[39m
[38;5;98m[ac591cc3][0m[38;5;-172m[AndroidUiautomator2Driver@d043][0m Driver proxy active, passing request on via HTTP proxy
[38;5;98m[ac591cc3][0m[38;5;-172m[AndroidUiautomator2Driver@d043][0m Replacing sessionId ed7d2bdd-72c2-4087-8248-e782eb481655 with ac591cc3-9d39-4fcb-b8f5-2883857963ba
[38;5;98m[ac591cc3][0m[38;5;86m[HTTP][0m [37m<-- GET /wd/hub/session/ac591cc3-9d39-4fcb-b8f5-2883857963ba/source [39m[32m200[39m [90m2675 ms - 25331[39m [90m[39m
[38;5;98m[ac591cc3][0m[38;5;86m[HTTP][0m [37m-->[39m [37mGET[39m [37m/wd/hub/session/ac591cc3-9d39-4fcb-b8f5-2883857963ba/screenshot[39m [90m{}[39m
[38;5;98m[ac591cc3][0m[38;5;86m[HTTP][0m [37m<-- GET /wd/hub/session/ac591cc3-9d39-4fcb-b8f5-2883857963ba/screenshot [39m[32m200[39m [90m2456 ms - 445008[39m [90m[39m
[38;5;98m[ac591cc3][0m[38;5;86m[HTTP][0m [37m-->[39m [37mGET[39m [37m/wd/hub/session/ac591cc3-9d39-4fcb-b8f5-2883857963ba/window/rect[39m [90m{}[39m
[38;5;98m[ac591cc3][0m[38;5;86m[HTTP][0m [37m<-- GET /wd/hub/session/ac591cc3-9d39-4fcb-b8f5-2883857963ba/window/rect [39m[32m200[39m [90m241 ms - 50[39m [90m[39m
[38;5;98m[ac591cc3][0m[38;5;86m[HTTP][0m [37m-->[39m [37mPOST[39m [37m/wd/hub/session/ac591cc3-9d39-4fcb-b8f5-2883857963ba/elements[39m [90m{"using":"xpath","value":"//*[@class = 'android.widget.TextView' and (@text = '1' or . = '1')]"}[39m
[38;5;98m[ac591cc3][0m[38;5;86m[HTTP][0m [37m<-- POST /wd/hub/session/ac591cc3-9d39-4fcb-b8f5-2883857963ba/elements [39m[32m200[39m [90m1697 ms - 139[39m [90m[39m
[38;5;98m[ac591cc3][0m[38;5;86m[HTTP][0m [37m-->[39m [37mGET[39m [37m/wd/hub/session/ac591cc3-9d39-4fcb-b8f5-2883857963ba/element/00000000-0000-0141-ffff-ffff00000187/location[39m [90m{}[39m
[38;5;98m[ac591cc3][0m[38;5;-172m[AndroidUiautomator2Driver@d043][0m Driver proxy active, passing request on via HTTP proxy
[38;5;98m[ac591cc3][0m[38;5;-172m[AndroidUiautomator2Driver@d043][0m Replacing sessionId ed7d2bdd-72c2-4087-8248-e782eb481655 with ac591cc3-9d39-4fcb-b8f5-2883857963ba
[38;5;98m[ac591cc3][0m[38;5;86m[HTTP][0m [37m<-- GET /wd/hub/session/ac591cc3-9d39-4fcb-b8f5-2883857963ba/element/00000000-0000-0141-ffff-ffff00000187/location [39m[32m200[39m [90m146 ms - 79[39m [90m[39m
[38;5;98m[ac591cc3][0m[38;5;86m[HTTP][0m [37m-->[39m [37mPOST[39m [37m/wd/hub/session/ac591cc3-9d39-4fcb-b8f5-2883857963ba/element/00000000-0000-0141-ffff-ffff00000187/click[39m [90m{"id":"00000000-0000-0141-ffff-ffff00000187"}[39m
[38;5;98m[ac591cc3][0m[38;5;86m[HTTP][0m [37m<-- POST /wd/hub/session/ac591cc3-9d39-4fcb-b8f5-2883857963ba/element/00000000-0000-0141-ffff-ffff00000187/click [39m[32m200[39m [90m195 ms - 14[39m [90m[39m
[38;5;98m[ac591cc3][0m[38;5;86m[HTTP][0m [37m-->[39m [37mGET[39m [37m/wd/hub/session/ac591cc3-9d39-4fcb-b8f5-2883857963ba/source[39m [90m{}[39m
[38;5;98m[ac591cc3][0m[38;5;-172m[AndroidUiautomator2Driver@d043][0m Driver proxy active, passing request on via HTTP proxy
[38;5;98m[ac591cc3][0m[38;5;-172m[AndroidUiautomator2Driver@d043][0m Replacing sessionId ed7d2bdd-72c2-4087-8248-e782eb481655 with ac591cc3-9d39-4fcb-b8f5-2883857963ba
[38;5;98m[ac591cc3][0m[38;5;86m[HTTP][0m [37m<-- GET /wd/hub/session/ac591cc3-9d39-4fcb-b8f5-2883857963ba/source [39m[32m200[39m [90m1349 ms - 23674[39m [90m[39m
[38;5;98m[ac591cc3][0m[38;5;86m[HTTP][0m [37m-->[39m [37mGET[39m [37m/wd/hub/session/ac591cc3-9d39-4fcb-b8f5-2883857963ba/screenshot[39m [90m{}[39m
[38;5;98m[ac591cc3][0m[38;5;86m[HTTP][0m [37m<-- GET /wd/hub/session/ac591cc3-9d39-4fcb-b8f5-2883857963ba/screenshot [39m[32m200[39m [90m2939 ms - 118604[39m [90m[39m
[38;5;98m[ac591cc3][0m[38;5;86m[HTTP][0m [37m-->[39m [37mGET[39m [37m/wd/hub/session/ac591cc3-9d39-4fcb-b8f5-2883857963ba/window/rect[39m [90m{}[39m
[38;5;98m[ac591cc3][0m[38;5;86m[HTTP][0m [37m<-- GET /wd/hub/session/ac591cc3-9d39-4fcb-b8f5-2883857963ba/window/rect [39m[32m200[39m [90m83 ms - 50[39m [90m[39m
[38;5;98m[ac591cc3][0m[38;5;86m[HTTP][0m [37m-->[39m [37mPOST[39m [37m/wd/hub/session/ac591cc3-9d39-4fcb-b8f5-2883857963ba/elements[39m [90m{"using":"xpath","value":"//*[@class = 'android.widget.TextView' and (@text = 'Checkout' or . = 'Checkout')]"}[39m
[38;5;98m[ac591cc3][0m[38;5;86m[HTTP][0m [37m<-- POST /wd/hub/session/ac591cc3-9d39-4fcb-b8f5-2883857963ba/elements [39m[32m200[39m [90m1135 ms - 139[39m [90m[39m
[38;5;98m[ac591cc3][0m[38;5;86m[HTTP][0m [37m-->[39m [37mGET[39m [37m/wd/hub/session/ac591cc3-9d39-4fcb-b8f5-2883857963ba/element/00000000-0000-0141-ffff-ffff00000185/location[39m [90m{}[39m
[38;5;98m[ac591cc3][0m[38;5;-172m[AndroidUiautomator2Driver@d043][0m Driver proxy active, passing request on via HTTP proxy
[38;5;98m[ac591cc3][0m[38;5;-172m[AndroidUiautomator2Driver@d043][0m Replacing sessionId ed7d2bdd-72c2-4087-8248-e782eb481655 with ac591cc3-9d39-4fcb-b8f5-2883857963ba
[38;5;98m[ac591cc3][0m[38;5;86m[HTTP][0m [37m<-- GET /wd/hub/session/ac591cc3-9d39-4fcb-b8f5-2883857963ba/element/00000000-0000-0141-ffff-ffff00000185/location [39m[32m200[39m [90m155 ms - 77[39m [90m[39m
[38;5;98m[ac591cc3][0m[38;5;86m[HTTP][0m [37m-->[39m [37mPOST[39m [37m/wd/hub/session/ac591cc3-9d39-4fcb-b8f5-2883857963ba/element/00000000-0000-0141-ffff-ffff00000185/click[39m [90m{"id":"00000000-0000-0141-ffff-ffff00000185"}[39m
[38;5;98m[ac591cc3][0m[38;5;86m[HTTP][0m [37m<-- POST /wd/hub/session/ac591cc3-9d39-4fcb-b8f5-2883857963ba/element/00000000-0000-0141-ffff-ffff00000185/click [39m[32m200[39m [90m159 ms - 14[39m [90m[39m
[38;5;98m[ac591cc3][0m[38;5;86m[HTTP][0m [37m-->[39m [37mGET[39m [37m/wd/hub/session/ac591cc3-9d39-4fcb-b8f5-2883857963ba/source[39m [90m{}[39m
[38;5;98m[ac591cc3][0m[38;5;-172m[AndroidUiautomator2Driver@d043][0m Driver proxy active, passing request on via HTTP proxy
[38;5;98m[ac591cc3][0m[38;5;-172m[AndroidUiautomator2Driver@d043][0m Replacing sessionId ed7d2bdd-72c2-4087-8248-e782eb481655 with ac591cc3-9d39-4fcb-b8f5-2883857963ba
[38;5;98m[ac591cc3][0m[38;5;86m[HTTP][0m [37m<-- GET /wd/hub/session/ac591cc3-9d39-4fcb-b8f5-2883857963ba/source [39m[32m200[39m [90m1231 ms - 23674[39m [90m[39m
[38;5;98m[ac591cc3][0m[38;5;86m[HTTP][0m [37m-->[39m [37mGET[39m [37m/wd/hub/session/ac591cc3-9d39-4fcb-b8f5-2883857963ba/screenshot[39m [90m{}[39m
[38;5;98m[ac591cc3][0m[38;5;86m[HTTP][0m [37m<-- GET /wd/hub/session/ac591cc3-9d39-4fcb-b8f5-2883857963ba/screenshot [39m[32m200[39m [90m1983 ms - 69904[39m [90m[39m
[38;5;98m[ac591cc3][0m[38;5;86m[HTTP][0m [37m-->[39m [37mGET[39m [37m/wd/hub/session/ac591cc3-9d39-4fcb-b8f5-2883857963ba/source[39m [90m{}[39m
[38;5;98m[ac591cc3][0m[38;5;-172m[AndroidUiautomator2Driver@d043][0m Driver proxy active, passing request on via HTTP proxy
[38;5;98m[ac591cc3][0m[38;5;-172m[AndroidUiautomator2Driver@d043][0m Replacing sessionId ed7d2bdd-72c2-4087-8248-e782eb481655 with ac591cc3-9d39-4fcb-b8f5-2883857963ba
[38;5;98m[ac591cc3][0m[38;5;86m[HTTP][0m [37m<-- GET /wd/hub/session/ac591cc3-9d39-4fcb-b8f5-2883857963ba/source [39m[32m200[39m [90m1157 ms - 25050[39m [90m[39m
[38;5;98m[ac591cc3][0m[38;5;86m[HTTP][0m [37m-->[39m [37mGET[39m [37m/wd/hub/session/ac591cc3-9d39-4fcb-b8f5-2883857963ba/screenshot[39m [90m{}[39m
[38;5;98m[ac591cc3][0m[38;5;86m[HTTP][0m [37m<-- GET /wd/hub/session/ac591cc3-9d39-4fcb-b8f5-2883857963ba/screenshot [39m[32m200[39m [90m3802 ms - 138764[39m [90m[39m
[38;5;98m[ac591cc3][0m[38;5;86m[HTTP][0m [37m-->[39m [37mGET[39m [37m/wd/hub/session/ac591cc3-9d39-4fcb-b8f5-2883857963ba/window/rect[39m [90m{}[39m
[38;5;98m[ac591cc3][0m[38;5;86m[HTTP][0m [37m<-- GET /wd/hub/session/ac591cc3-9d39-4fcb-b8f5-2883857963ba/window/rect [39m[32m200[39m [90m39 ms - 50[39m [90m[39m
[38;5;98m[ac591cc3][0m[38;5;86m[HTTP][0m [37m-->[39m [37mPOST[39m [37m/wd/hub/session/ac591cc3-9d39-4fcb-b8f5-2883857963ba/elements[39m [90m{"using":"xpath","value":"//*[@class = 'android.widget.TextView' and (@text = 'Checkout' or . = 'Checkout')]"}[39m
[38;5;98m[ac591cc3][0m[38;5;86m[HTTP][0m [37m<-- POST /wd/hub/session/ac591cc3-9d39-4fcb-b8f5-2883857963ba/elements [39m[32m200[39m [90m1035 ms - 139[39m [90m[39m
[38;5;98m[ac591cc3][0m[38;5;86m[HTTP][0m [37m-->[39m [37mGET[39m [37m/wd/hub/session/ac591cc3-9d39-4fcb-b8f5-2883857963ba/element/00000000-0000-0141-ffff-ffff00000185/location[39m [90m{}[39m
[38;5;98m[ac591cc3][0m[38;5;-172m[AndroidUiautomator2Driver@d043][0m Driver proxy active, passing request on via HTTP proxy
[38;5;98m[ac591cc3][0m[38;5;-172m[AndroidUiautomator2Driver@d043][0m Replacing sessionId ed7d2bdd-72c2-4087-8248-e782eb481655 with ac591cc3-9d39-4fcb-b8f5-2883857963ba
[38;5;98m[ac591cc3][0m[38;5;86m[HTTP][0m [37m<-- GET /wd/hub/session/ac591cc3-9d39-4fcb-b8f5-2883857963ba/element/00000000-0000-0141-ffff-ffff00000185/location [39m[32m200[39m [90m127 ms - 77[39m [90m[39m
[38;5;98m[ac591cc3][0m[38;5;86m[HTTP][0m [37m-->[39m [37mPOST[39m [37m/wd/hub/session/ac591cc3-9d39-4fcb-b8f5-2883857963ba/element/00000000-0000-0141-ffff-ffff00000185/click[39m [90m{"id":"00000000-0000-0141-ffff-ffff00000185"}[39m
[38;5;98m[ac591cc3][0m[38;5;86m[HTTP][0m [37m<-- POST /wd/hub/session/ac591cc3-9d39-4fcb-b8f5-2883857963ba/element/00000000-0000-0141-ffff-ffff00000185/click [39m[32m200[39m [90m644 ms - 14[39m [90m[39m
[38;5;98m[ac591cc3][0m[38;5;86m[HTTP][0m [37m-->[39m [37mGET[39m [37m/wd/hub/session/ac591cc3-9d39-4fcb-b8f5-2883857963ba/source[39m [90m{}[39m
[38;5;98m[ac591cc3][0m[38;5;-172m[AndroidUiautomator2Driver@d043][0m Driver proxy active, passing request on via HTTP proxy
[38;5;98m[ac591cc3][0m[38;5;-172m[AndroidUiautomator2Driver@d043][0m Replacing sessionId ed7d2bdd-72c2-4087-8248-e782eb481655 with ac591cc3-9d39-4fcb-b8f5-2883857963ba
[38;5;98m[ac591cc3][0m[38;5;86m[HTTP][0m [37m<-- GET /wd/hub/session/ac591cc3-9d39-4fcb-b8f5-2883857963ba/source [39m[32m200[39m [90m1104 ms - 11789[39m [90m[39m
[38;5;98m[ac591cc3][0m[38;5;86m[HTTP][0m [37m-->[39m [37mGET[39m [37m/wd/hub/session/ac591cc3-9d39-4fcb-b8f5-2883857963ba/screenshot[39m [90m{}[39m
[38;5;98m[ac591cc3][0m[38;5;86m[HTTP][0m [37m<-- GET /wd/hub/session/ac591cc3-9d39-4fcb-b8f5-2883857963ba/screenshot [39m[32m200[39m [90m2175 ms - 182920[39m [90m[39m
[38;5;98m[ac591cc3][0m[38;5;86m[HTTP][0m [37m-->[39m [37mGET[39m [37m/wd/hub/session/ac591cc3-9d39-4fcb-b8f5-2883857963ba/source[39m [90m{}[39m
[38;5;98m[ac591cc3][0m[38;5;-172m[AndroidUiautomator2Driver@d043][0m Driver proxy active, passing request on via HTTP proxy
[38;5;98m[ac591cc3][0m[38;5;-172m[AndroidUiautomator2Driver@d043][0m Replacing sessionId ed7d2bdd-72c2-4087-8248-e782eb481655 with ac591cc3-9d39-4fcb-b8f5-2883857963ba
[38;5;98m[ac591cc3][0m[38;5;86m[HTTP][0m [37m<-- GET /wd/hub/session/ac591cc3-9d39-4fcb-b8f5-2883857963ba/source [39m[32m200[39m [90m555 ms - 22160[39m [90m[39m
[38;5;98m[ac591cc3][0m[38;5;86m[HTTP][0m [37m-->[39m [37mGET[39m [37m/wd/hub/session/ac591cc3-9d39-4fcb-b8f5-2883857963ba/screenshot[39m [90m{}[39m
[38;5;98m[ac591cc3][0m[38;5;86m[HTTP][0m [37m<-- GET /wd/hub/session/ac591cc3-9d39-4fcb-b8f5-2883857963ba/screenshot [39m[32m200[39m [90m1671 ms - 77788[39m [90m[39m
[38;5;98m[ac591cc3][0m[38;5;86m[HTTP][0m [37m-->[39m [37mGET[39m [37m/wd/hub/session/ac591cc3-9d39-4fcb-b8f5-2883857963ba/source[39m [90m{}[39m
[38;5;98m[ac591cc3][0m[38;5;-172m[AndroidUiautomator2Driver@d043][0m Driver proxy active, passing request on via HTTP proxy
[38;5;98m[ac591cc3][0m[38;5;-172m[AndroidUiautomator2Driver@d043][0m Replacing sessionId ed7d2bdd-72c2-4087-8248-e782eb481655 with ac591cc3-9d39-4fcb-b8f5-2883857963ba
[38;5;98m[ac591cc3][0m[38;5;86m[HTTP][0m [37m<-- GET /wd/hub/session/ac591cc3-9d39-4fcb-b8f5-2883857963ba/source [39m[32m200[39m [90m221 ms - 17799[39m [90m[39m
[38;5;98m[ac591cc3][0m[38;5;86m[HTTP][0m [37m-->[39m [37mGET[39m [37m/wd/hub/session/ac591cc3-9d39-4fcb-b8f5-2883857963ba/screenshot[39m [90m{}[39m
[38;5;98m[ac591cc3][0m[38;5;86m[HTTP][0m [37m<-- GET /wd/hub/session/ac591cc3-9d39-4fcb-b8f5-2883857963ba/screenshot [39m[32m200[39m [90m1153 ms - 495560[39m [90m[39m
[38;5;98m[ac591cc3][0m[38;5;86m[HTTP][0m [37m-->[39m [37mGET[39m [37m/wd/hub/session/ac591cc3-9d39-4fcb-b8f5-2883857963ba/window/rect[39m [90m{}[39m
[38;5;98m[ac591cc3][0m[38;5;86m[HTTP][0m [37m<-- GET /wd/hub/session/ac591cc3-9d39-4fcb-b8f5-2883857963ba/window/rect [39m[32m200[39m [90m41 ms - 50[39m [90m[39m
[38;5;98m[ac591cc3][0m[38;5;86m[HTTP][0m [37m-->[39m [37mPOST[39m [37m/wd/hub/session/ac591cc3-9d39-4fcb-b8f5-2883857963ba/elements[39m [90m{"using":"xpath","value":"//*[@class = 'android.view.View' and (@text = '' or . = '')]"}[39m
[38;5;98m[ac591cc3][0m[38;5;86m[HTTP][0m [37m<-- POST /wd/hub/session/ac591cc3-9d39-4fcb-b8f5-2883857963ba/elements [39m[32m200[39m [90m385 ms - 3211[39m [90m[39m
[38;5;98m[ac591cc3][0m[38;5;86m[HTTP][0m [37m-->[39m [37mGET[39m [37m/wd/hub/session/ac591cc3-9d39-4fcb-b8f5-2883857963ba/element/00000000-0000-0143-0000-001e0000001a/location[39m [90m{}[39m
[38;5;98m[ac591cc3][0m[38;5;-172m[AndroidUiautomator2Driver@d043][0m Driver proxy active, passing request on via HTTP proxy
[38;5;98m[ac591cc3][0m[38;5;-172m[AndroidUiautomator2Driver@d043][0m Replacing sessionId ed7d2bdd-72c2-4087-8248-e782eb481655 with ac591cc3-9d39-4fcb-b8f5-2883857963ba
[38;5;98m[ac591cc3][0m[38;5;86m[HTTP][0m [37m<-- GET /wd/hub/session/ac591cc3-9d39-4fcb-b8f5-2883857963ba/element/00000000-0000-0143-0000-001e0000001a/location [39m[32m200[39m [90m57 ms - 75[39m [90m[39m
[38;5;98m[ac591cc3][0m[38;5;86m[HTTP][0m [37m-->[39m [37mGET[39m [37m/wd/hub/session/ac591cc3-9d39-4fcb-b8f5-2883857963ba/element/00000000-0000-0143-0000-001e0000001a/text[39m [90m{}[39m
[38;5;98m[ac591cc3][0m[38;5;-172m[AndroidUiautomator2Driver@d043][0m Driver proxy active, passing request on via HTTP proxy
[38;5;98m[ac591cc3][0m[38;5;-172m[AndroidUiautomator2Driver@d043][0m Replacing sessionId ed7d2bdd-72c2-4087-8248-e782eb481655 with ac591cc3-9d39-4fcb-b8f5-2883857963ba
[38;5;98m[ac591cc3][0m[38;5;86m[HTTP][0m [37m<-- GET /wd/hub/session/ac591cc3-9d39-4fcb-b8f5-2883857963ba/element/00000000-0000-0143-0000-001e0000001a/text [39m[32m200[39m [90m46 ms - 63[39m [90m[39m
[38;5;98m[ac591cc3][0m[38;5;86m[HTTP][0m [37m-->[39m [37mGET[39m [37m/wd/hub/session/ac591cc3-9d39-4fcb-b8f5-2883857963ba/source[39m [90m{}[39m
[38;5;98m[ac591cc3][0m[38;5;-172m[AndroidUiautomator2Driver@d043][0m Driver proxy active, passing request on via HTTP proxy
[38;5;98m[ac591cc3][0m[38;5;-172m[AndroidUiautomator2Driver@d043][0m Replacing sessionId ed7d2bdd-72c2-4087-8248-e782eb481655 with ac591cc3-9d39-4fcb-b8f5-2883857963ba
[38;5;98m[ac591cc3][0m[38;5;86m[HTTP][0m [37m<-- GET /wd/hub/session/ac591cc3-9d39-4fcb-b8f5-2883857963ba/source [39m[32m200[39m [90m374 ms - 17799[39m [90m[39m
[38;5;98m[ac591cc3][0m[38;5;86m[HTTP][0m [37m-->[39m [37mGET[39m [37m/wd/hub/session/ac591cc3-9d39-4fcb-b8f5-2883857963ba/screenshot[39m [90m{}[39m
[38;5;98m[ac591cc3][0m[38;5;86m[HTTP][0m [37m<-- GET /wd/hub/session/ac591cc3-9d39-4fcb-b8f5-2883857963ba/screenshot [39m[32m200[39m [90m2092 ms - 532796[39m [90m[39m
[38;5;98m[ac591cc3][0m[38;5;86m[HTTP][0m [37m-->[39m [37mDELETE[39m [37m/wd/hub/session/ac591cc3-9d39-4fcb-b8f5-2883857963ba[39m [90m{}[39m
[38;5;98m[ac591cc3][0m[38;5;165m[AppiumDriver@1525][0m Removing session ac591cc3-9d39-4fcb-b8f5-2883857963ba from our master session list
[38;5;98m[ac591cc3][0m[38;5;86m[HTTP][0m [37m<-- DELETE /wd/hub/session/ac591cc3-9d39-4fcb-b8f5-2883857963ba [39m[32m200[39m [90m1364 ms - 14[39m [90m[39m
